C:\USERS\GREGORY\DOCUMENTS\VISUAL STUDIO 2012\PROJECTS\SMARTCNCONTROLLER\SMARTCNCONTROLLER\DEBUG\MODALGROUP.OBJ
C:\USERS\GREGORY\DOCUMENTS\VISUAL STUDIO 2012\PROJECTS\SMARTCNCONTROLLER\SMARTCNCONTROLLER\DEBUG\EVALUATOR.OBJ
C:\USERS\GREGORY\DOCUMENTS\VISUAL STUDIO 2012\PROJECTS\SMARTCNCONTROLLER\SMARTCNCONTROLLER\DEBUG\CODES.OBJ
C:\USERS\GREGORY\DOCUMENTS\VISUAL STUDIO 2012\PROJECTS\SMARTCNCONTROLLER\SMARTCNCONTROLLER\DEBUG\WORKPIECE.OBJ
C:\USERS\GREGORY\DOCUMENTS\VISUAL STUDIO 2012\PROJECTS\SMARTCNCONTROLLER\SMARTCNCONTROLLER\DEBUG\SWEEP.OBJ
C:\USERS\GREGORY\DOCUMENTS\VISUAL STUDIO 2012\PROJECTS\SMARTCNCONTROLLER\SMARTCNCONTROLLER\DEBUG\SPHEROIDSWEEP.OBJ
C:\USERS\GREGORY\DOCUMENTS\VISUAL STUDIO 2012\PROJECTS\SMARTCNCONTROLLER\SMARTCNCONTROLLER\DEBUG\RESOLUTIONMODE.OBJ
C:\USERS\GREGORY\DOCUMENTS\VISUAL STUDIO 2012\PROJECTS\SMARTCNCONTROLLER\SMARTCNCONTROLLER\DEBUG\PROJECT.OBJ
C:\USERS\GREGORY\DOCUMENTS\VISUAL STUDIO 2012\PROJECTS\SMARTCNCONTROLLER\SMARTCNCONTROLLER\DEBUG\NCFILE.OBJ
C:\USERS\GREGORY\DOCUMENTS\VISUAL STUDIO 2012\PROJECTS\SMARTCNCONTROLLER\SMARTCNCONTROLLER\DEBUG\MOVETYPE.OBJ
C:\USERS\GREGORY\DOCUMENTS\VISUAL STUDIO 2012\PROJECTS\SMARTCNCONTROLLER\SMARTCNCONTROLLER\DEBUG\MOVE.OBJ
C:\USERS\GREGORY\DOCUMENTS\VISUAL STUDIO 2012\PROJECTS\SMARTCNCONTROLLER\SMARTCNCONTROLLER\DEBUG\CUTWORKPIECE.OBJ
C:\USERS\GREGORY\DOCUMENTS\VISUAL STUDIO 2012\PROJECTS\SMARTCNCONTROLLER\SMARTCNCONTROLLER\DEBUG\AABBTREE.OBJ
C:\USERS\GREGORY\DOCUMENTS\VISUAL STUDIO 2012\PROJECTS\SMARTCNCONTROLLER\SMARTCNCONTROLLER\DEBUG\TASK.OBJ
C:\USERS\GREGORY\DOCUMENTS\VISUAL STUDIO 2012\PROJECTS\SMARTCNCONTROLLER\SMARTCNCONTROLLER\DEBUG\MAIN.OBJ
C:\USERS\GREGORY\DOCUMENTS\VISUAL STUDIO 2012\PROJECTS\SMARTCNCONTROLLER\SMARTCNCONTROLLER\DEBUG\WORD.OBJ
C:\USERS\GREGORY\DOCUMENTS\VISUAL STUDIO 2012\PROJECTS\SMARTCNCONTROLLER\SMARTCNCONTROLLER\DEBUG\UNARYOP.OBJ
C:\USERS\GREGORY\DOCUMENTS\VISUAL STUDIO 2012\PROJECTS\SMARTCNCONTROLLER\SMARTCNCONTROLLER\DEBUG\REFERENCE.OBJ
C:\USERS\GREGORY\DOCUMENTS\VISUAL STUDIO 2012\PROJECTS\SMARTCNCONTROLLER\SMARTCNCONTROLLER\DEBUG\QUOTEDEXPR.OBJ
C:\USERS\GREGORY\DOCUMENTS\VISUAL STUDIO 2012\PROJECTS\SMARTCNCONTROLLER\SMARTCNCONTROLLER\DEBUG\PROGRAM.OBJ
C:\USERS\GREGORY\DOCUMENTS\VISUAL STUDIO 2012\PROJECTS\SMARTCNCONTROLLER\SMARTCNCONTROLLER\DEBUG\OPERATOR.OBJ
C:\USERS\GREGORY\DOCUMENTS\VISUAL STUDIO 2012\PROJECTS\SMARTCNCONTROLLER\SMARTCNCONTROLLER\DEBUG\OCODE.OBJ
C:\USERS\GREGORY\DOCUMENTS\VISUAL STUDIO 2012\PROJECTS\SMARTCNCONTROLLER\SMARTCNCONTROLLER\DEBUG\NUMBER.OBJ
C:\USERS\GREGORY\DOCUMENTS\VISUAL STUDIO 2012\PROJECTS\SMARTCNCONTROLLER\SMARTCNCONTROLLER\DEBUG\NAMEDREFERENCE.OBJ
C:\USERS\GREGORY\DOCUMENTS\VISUAL STUDIO 2012\PROJECTS\SMARTCNCONTROLLER\SMARTCNCONTROLLER\DEBUG\FUNCTIONCALL.OBJ
C:\USERS\GREGORY\DOCUMENTS\VISUAL STUDIO 2012\PROJECTS\SMARTCNCONTROLLER\SMARTCNCONTROLLER\DEBUG\COMMENT.OBJ
C:\USERS\GREGORY\DOCUMENTS\VISUAL STUDIO 2012\PROJECTS\SMARTCNCONTROLLER\SMARTCNCONTROLLER\DEBUG\BLOCK.OBJ
C:\USERS\GREGORY\DOCUMENTS\VISUAL STUDIO 2012\PROJECTS\SMARTCNCONTROLLER\SMARTCNCONTROLLER\DEBUG\BINARYOP.OBJ
C:\USERS\GREGORY\DOCUMENTS\VISUAL STUDIO 2012\PROJECTS\SMARTCNCONTROLLER\SMARTCNCONTROLLER\DEBUG\ASSIGN.OBJ
C:\USERS\GREGORY\DOCUMENTS\VISUAL STUDIO 2012\PROJECTS\SMARTCNCONTROLLER\SMARTCNCONTROLLER\DEBUG\TOKENIZER.OBJ
C:\USERS\GREGORY\DOCUMENTS\VISUAL STUDIO 2012\PROJECTS\SMARTCNCONTROLLER\SMARTCNCONTROLLER\DEBUG\TOKENTYPE.OBJ
C:\USERS\GREGORY\DOCUMENTS\VISUAL STUDIO 2012\PROJECTS\SMARTCNCONTROLLER\SMARTCNCONTROLLER\DEBUG\PRINTER.OBJ
C:\USERS\GREGORY\DOCUMENTS\VISUAL STUDIO 2012\PROJECTS\SMARTCNCONTROLLER\SMARTCNCONTROLLER\DEBUG\MACHINELINEARIZER.OBJ
C:\USERS\GREGORY\DOCUMENTS\VISUAL STUDIO 2012\PROJECTS\SMARTCNCONTROLLER\SMARTCNCONTROLLER\DEBUG\JAVASCRIPT.OBJ
C:\USERS\GREGORY\DOCUMENTS\VISUAL STUDIO 2012\PROJECTS\SMARTCNCONTROLLER\SMARTCNCONTROLLER\DEBUG\GCODEMACHINE.OBJ
C:\USERS\GREGORY\DOCUMENTS\VISUAL STUDIO 2012\PROJECTS\SMARTCNCONTROLLER\SMARTCNCONTROLLER\DEBUG\AXES.OBJ
C:\USERS\GREGORY\DOCUMENTS\VISUAL STUDIO 2012\PROJECTS\SMARTCNCONTROLLER\SMARTCNCONTROLLER\DEBUG\STL.OBJ
C:\USERS\GREGORY\DOCUMENTS\VISUAL STUDIO 2012\PROJECTS\SMARTCNCONTROLLER\SMARTCNCONTROLLER\DEBUG\TOOLUNITS.OBJ
C:\USERS\GREGORY\DOCUMENTS\VISUAL STUDIO 2012\PROJECTS\SMARTCNCONTROLLER\SMARTCNCONTROLLER\DEBUG\TOOLSHAPE.OBJ
C:\USERS\GREGORY\DOCUMENTS\VISUAL STUDIO 2012\PROJECTS\SMARTCNCONTROLLER\SMARTCNCONTROLLER\DEBUG\RENDERER.OBJ
C:\USERS\GREGORY\DOCUMENTS\VISUAL STUDIO 2012\PROJECTS\SMARTCNCONTROLLER\SMARTCNCONTROLLER\DEBUG\RENDERMODE.OBJ
C:\USERS\GREGORY\DOCUMENTS\VISUAL STUDIO 2012\PROJECTS\SMARTCNCONTROLLER\SMARTCNCONTROLLER\DEBUG\RENDERJOB.OBJ
C:\USERS\GREGORY\DOCUMENTS\VISUAL STUDIO 2012\PROJECTS\SMARTCNCONTROLLER\SMARTCNCONTROLLER\DEBUG\QTWIN.OBJ
C:\USERS\GREGORY\DOCUMENTS\VISUAL STUDIO 2012\PROJECTS\SMARTCNCONTROLLER\SMARTCNCONTROLLER\DEBUG\GLVIEW.OBJ
C:\USERS\GREGORY\DOCUMENTS\VISUAL STUDIO 2012\PROJECTS\SMARTCNCONTROLLER\SMARTCNCONTROLLER\DEBUG\VIEWPORT.OBJ
C:\USERS\GREGORY\DOCUMENTS\VISUAL STUDIO 2012\PROJECTS\SMARTCNCONTROLLER\SMARTCNCONTROLLER\DEBUG\TOOLVIEW.OBJ
C:\USERS\GREGORY\DOCUMENTS\VISUAL STUDIO 2012\PROJECTS\SMARTCNCONTROLLER\SMARTCNCONTROLLER\DEBUG\TOOLPATHVIEW.OBJ
C:\USERS\GREGORY\DOCUMENTS\VISUAL STUDIO 2012\PROJECTS\SMARTCNCONTROLLER\SMARTCNCONTROLLER\DEBUG\GLFREETYPE.OBJ
C:\USERS\GREGORY\DOCUMENTS\VISUAL STUDIO 2012\PROJECTS\SMARTCNCONTROLLER\SMARTCNCONTROLLER\DEBUG\GL.OBJ
C:\USERS\GREGORY\DOCUMENTS\VISUAL STUDIO 2012\PROJECTS\SMARTCNCONTROLLER\SMARTCNCONTROLLER\DEBUG\CUBOIDVIEW.OBJ
C:\USERS\GREGORY\DOCUMENTS\VISUAL STUDIO 2012\PROJECTS\SMARTCNCONTROLLER\SMARTCNCONTROLLER\DEBUG\COLOR.OBJ
C:\USERS\GREGORY\DOCUMENTS\VISUAL STUDIO 2012\PROJECTS\SMARTCNCONTROLLER\SMARTCNCONTROLLER\DEBUG\BOUNDSVIEW.OBJ
C:\USERS\GREGORY\DOCUMENTS\VISUAL STUDIO 2012\PROJECTS\SMARTCNCONTROLLER\SMARTCNCONTROLLER\DEBUG\VALUESET.OBJ
C:\USERS\GREGORY\DOCUMENTS\VISUAL STUDIO 2012\PROJECTS\SMARTCNCONTROLLER\SMARTCNCONTROLLER\DEBUG\VALUEGROUP.OBJ
C:\USERS\GREGORY\DOCUMENTS\VISUAL STUDIO 2012\PROJECTS\SMARTCNCONTROLLER\SMARTCNCONTROLLER\DEBUG\TRANSMATRIX.OBJ
C:\USERS\GREGORY\DOCUMENTS\VISUAL STUDIO 2012\PROJECTS\SMARTCNCONTROLLER\SMARTCNCONTROLLER\DEBUG\MOVESTREAM.OBJ
C:\USERS\GREGORY\DOCUMENTS\VISUAL STUDIO 2012\PROJECTS\SMARTCNCONTROLLER\SMARTCNCONTROLLER\DEBUG\MOVESINK.OBJ
C:\USERS\GREGORY\DOCUMENTS\VISUAL STUDIO 2012\PROJECTS\SMARTCNCONTROLLER\SMARTCNCONTROLLER\DEBUG\MACHINEUNITADAPTER.OBJ
C:\USERS\GREGORY\DOCUMENTS\VISUAL STUDIO 2012\PROJECTS\SMARTCNCONTROLLER\SMARTCNCONTROLLER\DEBUG\MACHINESTATE.OBJ
C:\USERS\GREGORY\DOCUMENTS\VISUAL STUDIO 2012\PROJECTS\SMARTCNCONTROLLER\SMARTCNCONTROLLER\DEBUG\MACHINEPIPELINE.OBJ
C:\USERS\GREGORY\DOCUMENTS\VISUAL STUDIO 2012\PROJECTS\SMARTCNCONTROLLER\SMARTCNCONTROLLER\DEBUG\MACHINEMATRIX.OBJ
C:\USERS\GREGORY\DOCUMENTS\VISUAL STUDIO 2012\PROJECTS\SMARTCNCONTROLLER\SMARTCNCONTROLLER\DEBUG\CONICSWEEP.OBJ
C:\USERS\GREGORY\DOCUMENTS\VISUAL STUDIO 2012\PROJECTS\SMARTCNCONTROLLER\SMARTCNCONTROLLER\DEBUG\COMPOSITESWEEP.OBJ
C:\USERS\GREGORY\DOCUMENTS\VISUAL STUDIO 2012\PROJECTS\SMARTCNCONTROLLER\SMARTCNCONTROLLER\DEBUG\AABB.OBJ
C:\USERS\GREGORY\DOCUMENTS\VISUAL STUDIO 2012\PROJECTS\SMARTCNCONTROLLER\SMARTCNCONTROLLER\DEBUG\SURFACE.OBJ
C:\USERS\GREGORY\DOCUMENTS\VISUAL STUDIO 2012\PROJECTS\SMARTCNCONTROLLER\SMARTCNCONTROLLER\DEBUG\SAMPLESLICE.OBJ
C:\USERS\GREGORY\DOCUMENTS\VISUAL STUDIO 2012\PROJECTS\SMARTCNCONTROLLER\SMARTCNCONTROLLER\DEBUG\QEF.OBJ
C:\USERS\GREGORY\DOCUMENTS\VISUAL STUDIO 2012\PROJECTS\SMARTCNCONTROLLER\SMARTCNCONTROLLER\DEBUG\MARCHINGCUBES.OBJ
C:\USERS\GREGORY\DOCUMENTS\VISUAL STUDIO 2012\PROJECTS\SMARTCNCONTROLLER\SMARTCNCONTROLLER\DEBUG\HERMITESLICE.OBJ
C:\USERS\GREGORY\DOCUMENTS\VISUAL STUDIO 2012\PROJECTS\SMARTCNCONTROLLER\SMARTCNCONTROLLER\DEBUG\HERMITEDATA.OBJ
C:\USERS\GREGORY\DOCUMENTS\VISUAL STUDIO 2012\PROJECTS\SMARTCNCONTROLLER\SMARTCNCONTROLLER\DEBUG\FIELDFUNCTION.OBJ
C:\USERS\GREGORY\DOCUMENTS\VISUAL STUDIO 2012\PROJECTS\SMARTCNCONTROLLER\SMARTCNCONTROLLER\DEBUG\ELEMENTSURFACE.OBJ
C:\USERS\GREGORY\DOCUMENTS\VISUAL STUDIO 2012\PROJECTS\SMARTCNCONTROLLER\SMARTCNCONTROLLER\DEBUG\DUALCONTOURING.OBJ
C:\USERS\GREGORY\DOCUMENTS\VISUAL STUDIO 2012\PROJECTS\SMARTCNCONTROLLER\SMARTCNCONTROLLER\DEBUG\CONTOURGENERATOR.OBJ
C:\USERS\GREGORY\DOCUMENTS\VISUAL STUDIO 2012\PROJECTS\SMARTCNCONTROLLER\SMARTCNCONTROLLER\DEBUG\COMPOSITESURFACE.OBJ
C:\USERS\GREGORY\DOCUMENTS\VISUAL STUDIO 2012\PROJECTS\SMARTCNCONTROLLER\SMARTCNCONTROLLER\DEBUG\CELLSLICE.OBJ
C:\USERS\GREGORY\DOCUMENTS\VISUAL STUDIO 2012\PROJECTS\SMARTCNCONTROLLER\SMARTCNCONTROLLER\DEBUG\MOC_QTWIN.OBJ
C:\USERS\GREGORY\DOCUMENTS\VISUAL STUDIO 2012\PROJECTS\SMARTCNCONTROLLER\SMARTCNCONTROLLER\DEBUG\MOC_GLVIEW.OBJ
C:\USERS\GREGORY\DOCUMENTS\VISUAL STUDIO 2012\PROJECTS\SMARTCNCONTROLLER\SMARTCNCONTROLLER\DEBUG\TOOLSWEEP.OBJ
C:\USERS\GREGORY\DOCUMENTS\VISUAL STUDIO 2012\PROJECTS\SMARTCNCONTROLLER\SMARTCNCONTROLLER\DEBUG\TOOLPATH.OBJ
C:\USERS\GREGORY\DOCUMENTS\VISUAL STUDIO 2012\PROJECTS\SMARTCNCONTROLLER\SMARTCNCONTROLLER\DEBUG\TOOLTABLE.OBJ
C:\USERS\GREGORY\DOCUMENTS\VISUAL STUDIO 2012\PROJECTS\SMARTCNCONTROLLER\SMARTCNCONTROLLER\DEBUG\TOOL.OBJ
C:\USERS\GREGORY\DOCUMENTS\VISUAL STUDIO 2012\PROJECTS\SMARTCNCONTROLLER\SMARTCNCONTROLLER\DEBUG\MACHINE.OBJ
C:\USERS\GREGORY\DOCUMENTS\VISUAL STUDIO 2012\PROJECTS\SMARTCNCONTROLLER\SMARTCNCONTROLLER\DEBUG\CONTROLLER.OBJ
C:\USERS\GREGORY\DOCUMENTS\VISUAL STUDIO 2012\PROJECTS\SMARTCNCONTROLLER\SMARTCNCONTROLLER\DEBUG\PARSER.OBJ
C:\USERS\GREGORY\DOCUMENTS\VISUAL STUDIO 2012\PROJECTS\SMARTCNCONTROLLER\SMARTCNCONTROLLER\DEBUG\OCODEINTERPRETER.OBJ
C:\USERS\GREGORY\DOCUMENTS\VISUAL STUDIO 2012\PROJECTS\SMARTCNCONTROLLER\SMARTCNCONTROLLER\DEBUG\INTERPRETER.OBJ
C:\USERS\GREGORY\DOCUMENTS\VISUAL STUDIO 2012\PROJECTS\SMARTCNCONTROLLER\SMARTCNCONTROLLER\DEBUG\GCODEINTERPRETER.OBJ
C:\USERS\GREGORY\DOCUMENTS\VISUAL STUDIO 2012\PROJECTS\SMARTCNCONTROLLER\SMARTCNCONTROLLER\DEBUG\CUTSIM.OBJ
C:\USERS\GREGORY\DOCUMENTS\VISUAL STUDIO 2012\PROJECTS\SMARTCNCONTROLLER\SMARTCNCONTROLLER\DEBUG\TPLCONTEXT.OBJ
C:\USERS\GREGORY\DOCUMENTS\VISUAL STUDIO 2012\PROJECTS\SMARTCNCONTROLLER\SMARTCNCONTROLLER\DEBUG\MATRIXLIBRARY.OBJ
C:\USERS\GREGORY\DOCUMENTS\VISUAL STUDIO 2012\PROJECTS\SMARTCNCONTROLLER\SMARTCNCONTROLLER\DEBUG\VIEW.OBJ
C:\USERS\GREGORY\DOCUMENTS\VISUAL STUDIO 2012\PROJECTS\SMARTCNCONTROLLER\SMARTCNCONTROLLER\DEBUG\GCODELIBRARY.OBJ
C:\USERS\GREGORY\DOCUMENTS\VISUAL STUDIO 2012\PROJECTS\SMARTCNCONTROLLER\SMARTCNCONTROLLER\DEBUG\DXFLIBRARY.OBJ
C:\USERS\GREGORY\DOCUMENTS\VISUAL STUDIO 2012\PROJECTS\SMARTCNCONTROLLER\SMARTCNCONTROLLER\DEBUG\CLIPPERLIBRARY.OBJ
C:\USERS\GREGORY\DOCUMENTS\VISUAL STUDIO 2012\PROJECTS\SMARTCNCONTROLLER\SMARTCNCONTROLLER\DEBUG\DXFREADER.OBJ
C:\USERS\GREGORY\DOCUMENTS\VISUAL STUDIO 2012\PROJECTS\SMARTCNCONTROLLER\SMARTCNCONTROLLER\DEBUG\DL_WRITER_ASCII.OBJ
C:\USERS\GREGORY\DOCUMENTS\VISUAL STUDIO 2012\PROJECTS\SMARTCNCONTROLLER\SMARTCNCONTROLLER\DEBUG\DL_DXF.OBJ
C:\USERS\GREGORY\DOCUMENTS\VISUAL STUDIO 2012\PROJECTS\SMARTCNCONTROLLER\SMARTCNCONTROLLER\DEBUG\CLIPPER.OBJ
C:\USERS\GREGORY\DOCUMENTS\VISUAL STUDIO 2012\PROJECTS\SMARTCNCONTROLLER\SMARTCNCONTROLLER\DEBUG\GLEW.OBJ
C:\USERS\GREGORY\DOCUMENTS\VISUAL STUDIO 2012\PROJECTS\SMARTCNCONTROLLER\SMARTCNCONTROLLER\DEBUG\VC110.PDB
C:\USERS\GREGORY\DOCUMENTS\VISUAL STUDIO 2012\PROJECTS\SMARTCNCONTROLLER\SMARTCNCONTROLLER\DEBUG\VIEWER.OBJ
C:\USERS\GREGORY\DOCUMENTS\VISUAL STUDIO 2012\PROJECTS\SMARTCNCONTROLLER\SMARTCNCONTROLLER\DEBUG\QRC_QTWIN.OBJ
C:\USERS\GREGORY\DOCUMENTS\VISUAL STUDIO 2012\PROJECTS\SMARTCNCONTROLLER\SMARTCNCONTROLLER\DEBUG\INTERPRETER2.OBJ
C:\USERS\GREGORY\DOCUMENTS\VISUAL STUDIO 2012\PROJECTS\SMARTCNCONTROLLER\SMARTCNCONTROLLER\DEBUG\NEWDIALOG.OBJ
C:\USERS\GREGORY\DOCUMENTS\VISUAL STUDIO 2012\PROJECTS\SMARTCNCONTROLLER\SMARTCNCONTROLLER\DEBUG\HIGHLIGHTER.OBJ
C:\USERS\GREGORY\DOCUMENTS\VISUAL STUDIO 2012\PROJECTS\SMARTCNCONTROLLER\SMARTCNCONTROLLER\DEBUG\GCODEHIGHLIGHTER.OBJ
C:\USERS\GREGORY\DOCUMENTS\VISUAL STUDIO 2012\PROJECTS\SMARTCNCONTROLLER\SMARTCNCONTROLLER\DEBUG\EXPORTDIALOG.OBJ
C:\USERS\GREGORY\DOCUMENTS\VISUAL STUDIO 2012\PROJECTS\SMARTCNCONTROLLER\SMARTCNCONTROLLER\DEBUG\CUTSIMTHREAD.OBJ
C:\USERS\GREGORY\DOCUMENTS\VISUAL STUDIO 2012\PROJECTS\SMARTCNCONTROLLER\SMARTCNCONTROLLER\DEBUG\ABOUTDIALOG.OBJ
C:\USERS\GREGORY\DOCUMENTS\VISUAL STUDIO 2012\PROJECTS\SMARTCNCONTROLLER\SMARTCNCONTROLLER\DEBUG\MOC_PROJECTMODEL.OBJ
C:\USERS\GREGORY\DOCUMENTS\VISUAL STUDIO 2012\PROJECTS\SMARTCNCONTROLLER\SMARTCNCONTROLLER\DEBUG\MOC_FILETABMANAGER.OBJ
C:\USERS\GREGORY\DOCUMENTS\VISUAL STUDIO 2012\PROJECTS\SMARTCNCONTROLLER\SMARTCNCONTROLLER\DEBUG\MOC_DONATEDIALOG.OBJ
C:\USERS\GREGORY\DOCUMENTS\VISUAL STUDIO 2012\PROJECTS\SMARTCNCONTROLLER\SMARTCNCONTROLLER\DEBUG\MOC_ABOUTDIALOG.OBJ
C:\USERS\GREGORY\DOCUMENTS\VISUAL STUDIO 2012\PROJECTS\SMARTCNCONTROLLER\SMARTCNCONTROLLER\DEBUG\TPLHIGHLIGHTER.OBJ
C:\USERS\GREGORY\DOCUMENTS\VISUAL STUDIO 2012\PROJECTS\SMARTCNCONTROLLER\SMARTCNCONTROLLER\DEBUG\SURFACETHREAD.OBJ
C:\USERS\GREGORY\DOCUMENTS\VISUAL STUDIO 2012\PROJECTS\SMARTCNCONTROLLER\SMARTCNCONTROLLER\DEBUG\QAPPLICATION.OBJ
C:\USERS\GREGORY\DOCUMENTS\VISUAL STUDIO 2012\PROJECTS\SMARTCNCONTROLLER\SMARTCNCONTROLLER\DEBUG\TOOLPATHTHREAD.OBJ
C:\USERS\GREGORY\DOCUMENTS\VISUAL STUDIO 2012\PROJECTS\SMARTCNCONTROLLER\SMARTCNCONTROLLER\DEBUG\DONATEDIALOG.OBJ
C:\USERS\GREGORY\DOCUMENTS\VISUAL STUDIO 2012\PROJECTS\SMARTCNCONTROLLER\SMARTCNCONTROLLER\DEBUG\NCEDIT.OBJ
C:\USERS\GREGORY\DOCUMENTS\VISUAL STUDIO 2012\PROJECTS\SMARTCNCONTROLLER\SMARTCNCONTROLLER\DEBUG\FILETABMANAGER.OBJ
C:\USERS\GREGORY\DOCUMENTS\VISUAL STUDIO 2012\PROJECTS\SMARTCNCONTROLLER\SMARTCNCONTROLLER\DEBUG\FILEDIALOG.OBJ
C:\USERS\GREGORY\DOCUMENTS\VISUAL STUDIO 2012\PROJECTS\SMARTCNCONTROLLER\SMARTCNCONTROLLER\DEBUG\CLICKWIDGET.OBJ
C:\USERS\GREGORY\DOCUMENTS\VISUAL STUDIO 2012\PROJECTS\SMARTCNCONTROLLER\SMARTCNCONTROLLER\DEBUG\MOC_NCEDIT.OBJ
C:\USERS\GREGORY\DOCUMENTS\VISUAL STUDIO 2012\PROJECTS\SMARTCNCONTROLLER\SMARTCNCONTROLLER\DEBUG\SIDEBARWIDGET.OBJ
C:\USERS\GREGORY\DOCUMENTS\VISUAL STUDIO 2012\PROJECTS\SMARTCNCONTROLLER\SMARTCNCONTROLLER\DEBUG\QTAPP.OBJ
C:\USERS\GREGORY\DOCUMENTS\VISUAL STUDIO 2012\PROJECTS\SMARTCNCONTROLLER\SMARTCNCONTROLLER\DEBUG\PROJECTMODEL.OBJ
C:\USERS\GREGORY\DOCUMENTS\VISUAL STUDIO 2012\PROJECTS\SMARTCNCONTROLLER\SMARTCNCONTROLLER\DEBUG\CONNECTIONMANAGER.OBJ
C:\USERS\GREGORY\DOCUMENTS\VISUAL STUDIO 2012\PROJECTS\SMARTCNCONTROLLER\SMARTCNCONTROLLER\DEBUG\CONNECTION.OBJ
C:\USERS\GREGORY\DOCUMENTS\VISUAL STUDIO 2012\PROJECTS\SMARTCNCONTROLLER\SMARTCNCONTROLLER\DEBUG\APPLICATION.OBJ
C:\USERS\GREGORY\DOCUMENTS\VISUAL STUDIO 2012\PROJECTS\SMARTCNCONTROLLER\SMARTCNCONTROLLER\GENERATEDFILES\QRC_QTWIN.CPP
C:\USERS\GREGORY\DOCUMENTS\VISUAL STUDIO 2012\PROJECTS\SMARTCNCONTROLLER\SMARTCNCONTROLLER\GENERATEDFILES\DEBUG\MOC_ABOUTDIALOG.CPP
C:\USERS\GREGORY\DOCUMENTS\VISUAL STUDIO 2012\PROJECTS\SMARTCNCONTROLLER\SMARTCNCONTROLLER\GENERATEDFILES\DEBUG\MOC_DONATEDIALOG.CPP
C:\USERS\GREGORY\DOCUMENTS\VISUAL STUDIO 2012\PROJECTS\SMARTCNCONTROLLER\SMARTCNCONTROLLER\GENERATEDFILES\DEBUG\MOC_FILETABMANAGER.CPP
C:\USERS\GREGORY\DOCUMENTS\VISUAL STUDIO 2012\PROJECTS\SMARTCNCONTROLLER\SMARTCNCONTROLLER\GENERATEDFILES\DEBUG\MOC_GLVIEW.CPP
C:\USERS\GREGORY\DOCUMENTS\VISUAL STUDIO 2012\PROJECTS\SMARTCNCONTROLLER\SMARTCNCONTROLLER\GENERATEDFILES\DEBUG\MOC_PROJECTMODEL.CPP
C:\USERS\GREGORY\DOCUMENTS\VISUAL STUDIO 2012\PROJECTS\SMARTCNCONTROLLER\SMARTCNCONTROLLER\GENERATEDFILES\UI_ABOUT_DIALOG.H
C:\USERS\GREGORY\DOCUMENTS\VISUAL STUDIO 2012\PROJECTS\SMARTCNCONTROLLER\SMARTCNCONTROLLER\GENERATEDFILES\UI_DONATE_DIALOG.H
C:\USERS\GREGORY\DOCUMENTS\VISUAL STUDIO 2012\PROJECTS\SMARTCNCONTROLLER\SMARTCNCONTROLLER\GENERATEDFILES\UI_EXPORT_DIALOG.H
C:\USERS\GREGORY\DOCUMENTS\VISUAL STUDIO 2012\PROJECTS\SMARTCNCONTROLLER\SMARTCNCONTROLLER\GENERATEDFILES\UI_NEW_DIALOG.H
C:\USERS\GREGORY\DOCUMENTS\VISUAL STUDIO 2012\PROJECTS\SMARTCNCONTROLLER\SMARTCNCONTROLLER\GENERATEDFILES\DEBUG\MOC_NCEDIT.CPP
C:\USERS\GREGORY\DOCUMENTS\VISUAL STUDIO 2012\PROJECTS\SMARTCNCONTROLLER\SMARTCNCONTROLLER\GENERATEDFILES\UI_QTWIN.H
C:\USERS\GREGORY\DOCUMENTS\VISUAL STUDIO 2012\PROJECTS\SMARTCNCONTROLLER\SMARTCNCONTROLLER\GENERATEDFILES\DEBUG\MOC_QTWIN.CPP
C:\USERS\GREGORY\DOCUMENTS\VISUAL STUDIO 2012\PROJECTS\SMARTCNCONTROLLER\WIN32\DEBUG\SMARTCNCONTROLLER.ILK
C:\USERS\GREGORY\DOCUMENTS\VISUAL STUDIO 2012\PROJECTS\SMARTCNCONTROLLER\WIN32\DEBUG\SMARTCNCONTROLLER.EXE
C:\USERS\GREGORY\DOCUMENTS\VISUAL STUDIO 2012\PROJECTS\SMARTCNCONTROLLER\WIN32\DEBUG\SMARTCNCONTROLLER.PDB
C:\Users\gregory\Documents\Visual Studio 2012\Projects\SmartCNController\Win32\Debug\SmartCNController.lib
C:\Users\gregory\Documents\Visual Studio 2012\Projects\SmartCNController\Win32\Debug\SmartCNController.exp
C:\Users\gregory\Documents\Visual Studio 2012\Projects\SmartCNController\SmartCNController\Debug\AABB.obj
C:\Users\gregory\Documents\Visual Studio 2012\Projects\SmartCNController\SmartCNController\Debug\AABBTree.obj
C:\Users\gregory\Documents\Visual Studio 2012\Projects\SmartCNController\SmartCNController\Debug\AboutDialog.obj
C:\Users\gregory\Documents\Visual Studio 2012\Projects\SmartCNController\SmartCNController\Debug\Application.obj
C:\Users\gregory\Documents\Visual Studio 2012\Projects\SmartCNController\SmartCNController\Debug\Assign.obj
C:\Users\gregory\Documents\Visual Studio 2012\Projects\SmartCNController\SmartCNController\Debug\Axes.obj
C:\Users\gregory\Documents\Visual Studio 2012\Projects\SmartCNController\SmartCNController\Debug\BinaryOp.obj
C:\Users\gregory\Documents\Visual Studio 2012\Projects\SmartCNController\SmartCNController\Debug\Block.obj
C:\Users\gregory\Documents\Visual Studio 2012\Projects\SmartCNController\SmartCNController\Debug\BoundsView.obj
C:\Users\gregory\Documents\Visual Studio 2012\Projects\SmartCNController\SmartCNController\Debug\CellSlice.obj
C:\Users\gregory\Documents\Visual Studio 2012\Projects\SmartCNController\SmartCNController\Debug\ClickWidget.obj
C:\Users\gregory\Documents\Visual Studio 2012\Projects\SmartCNController\SmartCNController\Debug\clipper.obj
C:\Users\gregory\Documents\Visual Studio 2012\Projects\SmartCNController\SmartCNController\Debug\ClipperLibrary.obj
C:\Users\gregory\Documents\Visual Studio 2012\Projects\SmartCNController\SmartCNController\Debug\Codes.obj
C:\Users\gregory\Documents\Visual Studio 2012\Projects\SmartCNController\SmartCNController\Debug\Color.obj
C:\Users\gregory\Documents\Visual Studio 2012\Projects\SmartCNController\SmartCNController\Debug\Comment.obj
C:\Users\gregory\Documents\Visual Studio 2012\Projects\SmartCNController\SmartCNController\Debug\CompositeSurface.obj
C:\Users\gregory\Documents\Visual Studio 2012\Projects\SmartCNController\SmartCNController\Debug\CompositeSweep.obj
C:\Users\gregory\Documents\Visual Studio 2012\Projects\SmartCNController\SmartCNController\Debug\ConicSweep.obj
C:\Users\gregory\Documents\Visual Studio 2012\Projects\SmartCNController\SmartCNController\Debug\Connection.obj
C:\Users\gregory\Documents\Visual Studio 2012\Projects\SmartCNController\SmartCNController\Debug\ConnectionManager.obj
C:\Users\gregory\Documents\Visual Studio 2012\Projects\SmartCNController\SmartCNController\Debug\ContourGenerator.obj
C:\Users\gregory\Documents\Visual Studio 2012\Projects\SmartCNController\SmartCNController\Debug\Controller.obj
C:\Users\gregory\Documents\Visual Studio 2012\Projects\SmartCNController\SmartCNController\Debug\CuboidView.obj
C:\Users\gregory\Documents\Visual Studio 2012\Projects\SmartCNController\SmartCNController\Debug\CutSim.obj
C:\Users\gregory\Documents\Visual Studio 2012\Projects\SmartCNController\SmartCNController\Debug\CutSimThread.obj
C:\Users\gregory\Documents\Visual Studio 2012\Projects\SmartCNController\SmartCNController\Debug\CutWorkpiece.obj
C:\Users\gregory\Documents\Visual Studio 2012\Projects\SmartCNController\SmartCNController\Debug\dl_dxf.obj
C:\Users\gregory\Documents\Visual Studio 2012\Projects\SmartCNController\SmartCNController\Debug\dl_writer_ascii.obj
C:\Users\gregory\Documents\Visual Studio 2012\Projects\SmartCNController\SmartCNController\Debug\DonateDialog.obj
C:\Users\gregory\Documents\Visual Studio 2012\Projects\SmartCNController\SmartCNController\Debug\DualContouring.obj
C:\Users\gregory\Documents\Visual Studio 2012\Projects\SmartCNController\SmartCNController\Debug\DXFLibrary.obj
C:\Users\gregory\Documents\Visual Studio 2012\Projects\SmartCNController\SmartCNController\Debug\DXFReader.obj
C:\Users\gregory\Documents\Visual Studio 2012\Projects\SmartCNController\SmartCNController\Debug\ElementSurface.obj
C:\Users\gregory\Documents\Visual Studio 2012\Projects\SmartCNController\SmartCNController\Debug\Evaluator.obj
C:\Users\gregory\Documents\Visual Studio 2012\Projects\SmartCNController\SmartCNController\Debug\ExportDialog.obj
C:\Users\gregory\Documents\Visual Studio 2012\Projects\SmartCNController\SmartCNController\Debug\FieldFunction.obj
C:\Users\gregory\Documents\Visual Studio 2012\Projects\SmartCNController\SmartCNController\Debug\FileDialog.obj
C:\Users\gregory\Documents\Visual Studio 2012\Projects\SmartCNController\SmartCNController\Debug\FileTabManager.obj
C:\Users\gregory\Documents\Visual Studio 2012\Projects\SmartCNController\SmartCNController\Debug\FunctionCall.obj
C:\Users\gregory\Documents\Visual Studio 2012\Projects\SmartCNController\SmartCNController\Debug\GCodeHighlighter.obj
C:\Users\gregory\Documents\Visual Studio 2012\Projects\SmartCNController\SmartCNController\Debug\GCodeInterpreter.obj
C:\Users\gregory\Documents\Visual Studio 2012\Projects\SmartCNController\SmartCNController\Debug\GCodeLibrary.obj
C:\Users\gregory\Documents\Visual Studio 2012\Projects\SmartCNController\SmartCNController\Debug\GCodeMachine.obj
C:\Users\gregory\Documents\Visual Studio 2012\Projects\SmartCNController\SmartCNController\Debug\GL.obj
C:\Users\gregory\Documents\Visual Studio 2012\Projects\SmartCNController\SmartCNController\Debug\glew.obj
C:\Users\gregory\Documents\Visual Studio 2012\Projects\SmartCNController\SmartCNController\Debug\GLFreeType.obj
C:\Users\gregory\Documents\Visual Studio 2012\Projects\SmartCNController\SmartCNController\Debug\GLView.obj
C:\Users\gregory\Documents\Visual Studio 2012\Projects\SmartCNController\SmartCNController\Debug\HermiteData.obj
C:\Users\gregory\Documents\Visual Studio 2012\Projects\SmartCNController\SmartCNController\Debug\HermiteSlice.obj
C:\Users\gregory\Documents\Visual Studio 2012\Projects\SmartCNController\SmartCNController\Debug\Highlighter.obj
C:\Users\gregory\Documents\Visual Studio 2012\Projects\SmartCNController\SmartCNController\Debug\Interpreter.obj
C:\Users\gregory\Documents\Visual Studio 2012\Projects\SmartCNController\SmartCNController\Debug\Interpreter2.obj
C:\Users\gregory\Documents\Visual Studio 2012\Projects\SmartCNController\SmartCNController\Debug\Javascript.obj
C:\Users\gregory\Documents\Visual Studio 2012\Projects\SmartCNController\SmartCNController\Debug\Machine.obj
C:\Users\gregory\Documents\Visual Studio 2012\Projects\SmartCNController\SmartCNController\Debug\MachineLinearizer.obj
C:\Users\gregory\Documents\Visual Studio 2012\Projects\SmartCNController\SmartCNController\Debug\MachineMatrix.obj
C:\Users\gregory\Documents\Visual Studio 2012\Projects\SmartCNController\SmartCNController\Debug\MachinePipeline.obj
C:\Users\gregory\Documents\Visual Studio 2012\Projects\SmartCNController\SmartCNController\Debug\MachineState.obj
C:\Users\gregory\Documents\Visual Studio 2012\Projects\SmartCNController\SmartCNController\Debug\MachineUnitAdapter.obj
C:\Users\gregory\Documents\Visual Studio 2012\Projects\SmartCNController\SmartCNController\Debug\main.obj
C:\Users\gregory\Documents\Visual Studio 2012\Projects\SmartCNController\SmartCNController\Debug\MarchingCubes.obj
C:\Users\gregory\Documents\Visual Studio 2012\Projects\SmartCNController\SmartCNController\Debug\MatrixLibrary.obj
C:\Users\gregory\Documents\Visual Studio 2012\Projects\SmartCNController\SmartCNController\Debug\moc_AboutDialog.obj
C:\Users\gregory\Documents\Visual Studio 2012\Projects\SmartCNController\SmartCNController\Debug\moc_DonateDialog.obj
C:\Users\gregory\Documents\Visual Studio 2012\Projects\SmartCNController\SmartCNController\Debug\moc_FileTabManager.obj
C:\Users\gregory\Documents\Visual Studio 2012\Projects\SmartCNController\SmartCNController\Debug\moc_GLView.obj
C:\Users\gregory\Documents\Visual Studio 2012\Projects\SmartCNController\SmartCNController\Debug\moc_NCEdit.obj
C:\Users\gregory\Documents\Visual Studio 2012\Projects\SmartCNController\SmartCNController\Debug\moc_ProjectModel.obj
C:\Users\gregory\Documents\Visual Studio 2012\Projects\SmartCNController\SmartCNController\Debug\moc_QtWin.obj
C:\Users\gregory\Documents\Visual Studio 2012\Projects\SmartCNController\SmartCNController\Debug\ModalGroup.obj
C:\Users\gregory\Documents\Visual Studio 2012\Projects\SmartCNController\SmartCNController\Debug\Move.obj
C:\Users\gregory\Documents\Visual Studio 2012\Projects\SmartCNController\SmartCNController\Debug\MoveSink.obj
C:\Users\gregory\Documents\Visual Studio 2012\Projects\SmartCNController\SmartCNController\Debug\MoveStream.obj
C:\Users\gregory\Documents\Visual Studio 2012\Projects\SmartCNController\SmartCNController\Debug\MoveType.obj
C:\Users\gregory\Documents\Visual Studio 2012\Projects\SmartCNController\SmartCNController\Debug\NamedReference.obj
C:\Users\gregory\Documents\Visual Studio 2012\Projects\SmartCNController\SmartCNController\Debug\NCEdit.obj
C:\Users\gregory\Documents\Visual Studio 2012\Projects\SmartCNController\SmartCNController\Debug\NCFile.obj
C:\Users\gregory\Documents\Visual Studio 2012\Projects\SmartCNController\SmartCNController\Debug\NewDialog.obj
C:\Users\gregory\Documents\Visual Studio 2012\Projects\SmartCNController\SmartCNController\Debug\Number.obj
C:\Users\gregory\Documents\Visual Studio 2012\Projects\SmartCNController\SmartCNController\Debug\OCode.obj
C:\Users\gregory\Documents\Visual Studio 2012\Projects\SmartCNController\SmartCNController\Debug\OCodeInterpreter.obj
C:\Users\gregory\Documents\Visual Studio 2012\Projects\SmartCNController\SmartCNController\Debug\Operator.obj
C:\Users\gregory\Documents\Visual Studio 2012\Projects\SmartCNController\SmartCNController\Debug\Parser.obj
C:\Users\gregory\Documents\Visual Studio 2012\Projects\SmartCNController\SmartCNController\Debug\Printer.obj
C:\Users\gregory\Documents\Visual Studio 2012\Projects\SmartCNController\SmartCNController\Debug\Program.obj
C:\Users\gregory\Documents\Visual Studio 2012\Projects\SmartCNController\SmartCNController\Debug\Project.obj
C:\Users\gregory\Documents\Visual Studio 2012\Projects\SmartCNController\SmartCNController\Debug\ProjectModel.obj
C:\Users\gregory\Documents\Visual Studio 2012\Projects\SmartCNController\SmartCNController\Debug\QApplication.obj
C:\Users\gregory\Documents\Visual Studio 2012\Projects\SmartCNController\SmartCNController\Debug\QEF.obj
C:\Users\gregory\Documents\Visual Studio 2012\Projects\SmartCNController\SmartCNController\Debug\qrc_qtwin.obj
C:\Users\gregory\Documents\Visual Studio 2012\Projects\SmartCNController\SmartCNController\Debug\QtApp.obj
C:\Users\gregory\Documents\Visual Studio 2012\Projects\SmartCNController\SmartCNController\Debug\QtWin.obj
C:\Users\gregory\Documents\Visual Studio 2012\Projects\SmartCNController\SmartCNController\Debug\QuotedExpr.obj
C:\Users\gregory\Documents\Visual Studio 2012\Projects\SmartCNController\SmartCNController\Debug\Reference.obj
C:\Users\gregory\Documents\Visual Studio 2012\Projects\SmartCNController\SmartCNController\Debug\Renderer.obj
C:\Users\gregory\Documents\Visual Studio 2012\Projects\SmartCNController\SmartCNController\Debug\RenderJob.obj
C:\Users\gregory\Documents\Visual Studio 2012\Projects\SmartCNController\SmartCNController\Debug\RenderMode.obj
C:\Users\gregory\Documents\Visual Studio 2012\Projects\SmartCNController\SmartCNController\Debug\ResolutionMode.obj
C:\Users\gregory\Documents\Visual Studio 2012\Projects\SmartCNController\SmartCNController\Debug\SampleSlice.obj
C:\Users\gregory\Documents\Visual Studio 2012\Projects\SmartCNController\SmartCNController\Debug\SidebarWidget.obj
C:\Users\gregory\Documents\Visual Studio 2012\Projects\SmartCNController\SmartCNController\Debug\SpheroidSweep.obj
C:\Users\gregory\Documents\Visual Studio 2012\Projects\SmartCNController\SmartCNController\Debug\STL.obj
C:\Users\gregory\Documents\Visual Studio 2012\Projects\SmartCNController\SmartCNController\Debug\Surface.obj
C:\Users\gregory\Documents\Visual Studio 2012\Projects\SmartCNController\SmartCNController\Debug\SurfaceThread.obj
C:\Users\gregory\Documents\Visual Studio 2012\Projects\SmartCNController\SmartCNController\Debug\Sweep.obj
C:\Users\gregory\Documents\Visual Studio 2012\Projects\SmartCNController\SmartCNController\Debug\Task.obj
C:\Users\gregory\Documents\Visual Studio 2012\Projects\SmartCNController\SmartCNController\Debug\Tokenizer.obj
C:\Users\gregory\Documents\Visual Studio 2012\Projects\SmartCNController\SmartCNController\Debug\TokenType.obj
C:\Users\gregory\Documents\Visual Studio 2012\Projects\SmartCNController\SmartCNController\Debug\Tool.obj
C:\Users\gregory\Documents\Visual Studio 2012\Projects\SmartCNController\SmartCNController\Debug\ToolPath.obj
C:\Users\gregory\Documents\Visual Studio 2012\Projects\SmartCNController\SmartCNController\Debug\ToolPathThread.obj
C:\Users\gregory\Documents\Visual Studio 2012\Projects\SmartCNController\SmartCNController\Debug\ToolPathView.obj
C:\Users\gregory\Documents\Visual Studio 2012\Projects\SmartCNController\SmartCNController\Debug\ToolShape.obj
C:\Users\gregory\Documents\Visual Studio 2012\Projects\SmartCNController\SmartCNController\Debug\ToolSweep.obj
C:\Users\gregory\Documents\Visual Studio 2012\Projects\SmartCNController\SmartCNController\Debug\ToolTable.obj
C:\Users\gregory\Documents\Visual Studio 2012\Projects\SmartCNController\SmartCNController\Debug\ToolUnits.obj
C:\Users\gregory\Documents\Visual Studio 2012\Projects\SmartCNController\SmartCNController\Debug\ToolView.obj
C:\Users\gregory\Documents\Visual Studio 2012\Projects\SmartCNController\SmartCNController\Debug\TPLContext.obj
C:\Users\gregory\Documents\Visual Studio 2012\Projects\SmartCNController\SmartCNController\Debug\TPLHighlighter.obj
C:\Users\gregory\Documents\Visual Studio 2012\Projects\SmartCNController\SmartCNController\Debug\TransMatrix.obj
C:\Users\gregory\Documents\Visual Studio 2012\Projects\SmartCNController\SmartCNController\Debug\UnaryOp.obj
C:\Users\gregory\Documents\Visual Studio 2012\Projects\SmartCNController\SmartCNController\Debug\ValueGroup.obj
C:\Users\gregory\Documents\Visual Studio 2012\Projects\SmartCNController\SmartCNController\Debug\ValueSet.obj
C:\Users\gregory\Documents\Visual Studio 2012\Projects\SmartCNController\SmartCNController\Debug\View.obj
C:\Users\gregory\Documents\Visual Studio 2012\Projects\SmartCNController\SmartCNController\Debug\Viewer.obj
C:\Users\gregory\Documents\Visual Studio 2012\Projects\SmartCNController\SmartCNController\Debug\ViewPort.obj
C:\Users\gregory\Documents\Visual Studio 2012\Projects\SmartCNController\SmartCNController\Debug\Word.obj
C:\Users\gregory\Documents\Visual Studio 2012\Projects\SmartCNController\SmartCNController\Debug\Workpiece.obj
C:\Users\gregory\Documents\Visual Studio 2012\Projects\SmartCNController\SmartCNController\Debug\cl.command.1.tlog
C:\Users\gregory\Documents\Visual Studio 2012\Projects\SmartCNController\SmartCNController\Debug\CL.read.1.tlog
C:\Users\gregory\Documents\Visual Studio 2012\Projects\SmartCNController\SmartCNController\Debug\CL.write.1.tlog
C:\Users\gregory\Documents\Visual Studio 2012\Projects\SmartCNController\SmartCNController\Debug\custombuild.command.1.tlog
C:\Users\gregory\Documents\Visual Studio 2012\Projects\SmartCNController\SmartCNController\Debug\custombuild.read.1.tlog
C:\Users\gregory\Documents\Visual Studio 2012\Projects\SmartCNController\SmartCNController\Debug\custombuild.write.1.tlog
C:\Users\gregory\Documents\Visual Studio 2012\Projects\SmartCNController\SmartCNController\Debug\link-cvtres.read.1.tlog
C:\Users\gregory\Documents\Visual Studio 2012\Projects\SmartCNController\SmartCNController\Debug\link-cvtres.write.1.tlog
C:\Users\gregory\Documents\Visual Studio 2012\Projects\SmartCNController\SmartCNController\Debug\link-rc.read.1.tlog
C:\Users\gregory\Documents\Visual Studio 2012\Projects\SmartCNController\SmartCNController\Debug\link-rc.write.1.tlog
C:\Users\gregory\Documents\Visual Studio 2012\Projects\SmartCNController\SmartCNController\Debug\link.2448-cvtres.read.1.tlog
C:\Users\gregory\Documents\Visual Studio 2012\Projects\SmartCNController\SmartCNController\Debug\link.2448-cvtres.write.1.tlog
C:\Users\gregory\Documents\Visual Studio 2012\Projects\SmartCNController\SmartCNController\Debug\link.2448-rc.read.1.tlog
C:\Users\gregory\Documents\Visual Studio 2012\Projects\SmartCNController\SmartCNController\Debug\link.2448-rc.write.1.tlog
C:\Users\gregory\Documents\Visual Studio 2012\Projects\SmartCNController\SmartCNController\Debug\link.2448.read.1.tlog
C:\Users\gregory\Documents\Visual Studio 2012\Projects\SmartCNController\SmartCNController\Debug\link.2448.write.1.tlog
C:\Users\gregory\Documents\Visual Studio 2012\Projects\SmartCNController\SmartCNController\Debug\link.5440-cvtres.read.1.tlog
C:\Users\gregory\Documents\Visual Studio 2012\Projects\SmartCNController\SmartCNController\Debug\link.5440-cvtres.write.1.tlog
C:\Users\gregory\Documents\Visual Studio 2012\Projects\SmartCNController\SmartCNController\Debug\link.5440-rc.read.1.tlog
C:\Users\gregory\Documents\Visual Studio 2012\Projects\SmartCNController\SmartCNController\Debug\link.5440-rc.write.1.tlog
C:\Users\gregory\Documents\Visual Studio 2012\Projects\SmartCNController\SmartCNController\Debug\link.5440.read.1.tlog
C:\Users\gregory\Documents\Visual Studio 2012\Projects\SmartCNController\SmartCNController\Debug\link.5440.write.1.tlog
C:\Users\gregory\Documents\Visual Studio 2012\Projects\SmartCNController\SmartCNController\Debug\link.6024-cvtres.read.1.tlog
C:\Users\gregory\Documents\Visual Studio 2012\Projects\SmartCNController\SmartCNController\Debug\link.6024-cvtres.write.1.tlog
C:\Users\gregory\Documents\Visual Studio 2012\Projects\SmartCNController\SmartCNController\Debug\link.6024-rc.read.1.tlog
C:\Users\gregory\Documents\Visual Studio 2012\Projects\SmartCNController\SmartCNController\Debug\link.6024-rc.write.1.tlog
C:\Users\gregory\Documents\Visual Studio 2012\Projects\SmartCNController\SmartCNController\Debug\link.6024.read.1.tlog
C:\Users\gregory\Documents\Visual Studio 2012\Projects\SmartCNController\SmartCNController\Debug\link.6024.write.1.tlog
C:\Users\gregory\Documents\Visual Studio 2012\Projects\SmartCNController\SmartCNController\Debug\link.6236-cvtres.read.1.tlog
C:\Users\gregory\Documents\Visual Studio 2012\Projects\SmartCNController\SmartCNController\Debug\link.6236-cvtres.write.1.tlog
C:\Users\gregory\Documents\Visual Studio 2012\Projects\SmartCNController\SmartCNController\Debug\link.6236-rc.read.1.tlog
C:\Users\gregory\Documents\Visual Studio 2012\Projects\SmartCNController\SmartCNController\Debug\link.6236-rc.write.1.tlog
C:\Users\gregory\Documents\Visual Studio 2012\Projects\SmartCNController\SmartCNController\Debug\link.6236.read.1.tlog
C:\Users\gregory\Documents\Visual Studio 2012\Projects\SmartCNController\SmartCNController\Debug\link.6236.write.1.tlog
C:\Users\gregory\Documents\Visual Studio 2012\Projects\SmartCNController\SmartCNController\Debug\link.8120-cvtres.read.1.tlog
C:\Users\gregory\Documents\Visual Studio 2012\Projects\SmartCNController\SmartCNController\Debug\link.8120-cvtres.write.1.tlog
C:\Users\gregory\Documents\Visual Studio 2012\Projects\SmartCNController\SmartCNController\Debug\link.8120-rc.read.1.tlog
C:\Users\gregory\Documents\Visual Studio 2012\Projects\SmartCNController\SmartCNController\Debug\link.8120-rc.write.1.tlog
C:\Users\gregory\Documents\Visual Studio 2012\Projects\SmartCNController\SmartCNController\Debug\link.8120.read.1.tlog
C:\Users\gregory\Documents\Visual Studio 2012\Projects\SmartCNController\SmartCNController\Debug\link.8120.write.1.tlog
C:\Users\gregory\Documents\Visual Studio 2012\Projects\SmartCNController\SmartCNController\Debug\link.8896-cvtres.read.1.tlog
C:\Users\gregory\Documents\Visual Studio 2012\Projects\SmartCNController\SmartCNController\Debug\link.8896-cvtres.write.1.tlog
C:\Users\gregory\Documents\Visual Studio 2012\Projects\SmartCNController\SmartCNController\Debug\link.8896-rc.read.1.tlog
C:\Users\gregory\Documents\Visual Studio 2012\Projects\SmartCNController\SmartCNController\Debug\link.8896-rc.write.1.tlog
C:\Users\gregory\Documents\Visual Studio 2012\Projects\SmartCNController\SmartCNController\Debug\link.8896.read.1.tlog
C:\Users\gregory\Documents\Visual Studio 2012\Projects\SmartCNController\SmartCNController\Debug\link.8896.write.1.tlog
C:\Users\gregory\Documents\Visual Studio 2012\Projects\SmartCNController\SmartCNController\Debug\link.9208-cvtres.read.1.tlog
C:\Users\gregory\Documents\Visual Studio 2012\Projects\SmartCNController\SmartCNController\Debug\link.9208-cvtres.write.1.tlog
C:\Users\gregory\Documents\Visual Studio 2012\Projects\SmartCNController\SmartCNController\Debug\link.9208-rc.read.1.tlog
C:\Users\gregory\Documents\Visual Studio 2012\Projects\SmartCNController\SmartCNController\Debug\link.9208-rc.write.1.tlog
C:\Users\gregory\Documents\Visual Studio 2012\Projects\SmartCNController\SmartCNController\Debug\link.9208.read.1.tlog
C:\Users\gregory\Documents\Visual Studio 2012\Projects\SmartCNController\SmartCNController\Debug\link.9208.write.1.tlog
C:\Users\gregory\Documents\Visual Studio 2012\Projects\SmartCNController\SmartCNController\Debug\link.command.1.tlog
C:\Users\gregory\Documents\Visual Studio 2012\Projects\SmartCNController\SmartCNController\Debug\link.read.1.tlog
C:\Users\gregory\Documents\Visual Studio 2012\Projects\SmartCNController\SmartCNController\Debug\link.write.1.tlog
C:\Users\gregory\Documents\Visual Studio 2012\Projects\SmartCNController\SmartCNController\Debug\SmartCNController.write.1.tlog
C:\Users\gregory\Documents\Visual Studio 2012\Projects\SmartCNController\SmartCNController\Debug\vc110.pdb
C:\Users\gregory\Documents\Visual Studio 2012\Projects\SmartCNController\Win32\Debug\SmartCNController.pdb
C:\Users\gregory\Documents\Visual Studio 2012\Projects\SmartCNController\Win32\Debug\SmartCNController.exe
C:\Users\gregory\Documents\Visual Studio 2012\Projects\SmartCNController\Win32\Debug\SmartCNController.ilk
